2022-03-04 14:50:04 0 [Note] InnoDB: Mutexes and rw_locks use Windows interlocked functions
2022-03-04 14:50:04 0 [Note] InnoDB: Uses event mutexes
2022-03-04 14:50:04 0 [Note] InnoDB: Compressed tables use zlib 1.2.11
2022-03-04 14:50:04 0 [Note] InnoDB: Number of pools: 1
2022-03-04 14:50:04 0 [Note] InnoDB: Using SSE2 crc32 instructions
2022-03-04 14:50:04 0 [Note] InnoDB: Initializing buffer pool, total size = 16M, instances = 1, chunk size = 16M
2022-03-04 14:50:04 0 [Note] InnoDB: Completed initialization of buffer pool
2022-03-04 14:50:04 0 [Note] InnoDB: Starting crash recovery from checkpoint LSN=300288
2022-03-04 14:50:04 0 [Note] InnoDB: 128 out of 128 rollback segments are active.
2022-03-04 14:50:04 0 [Note] InnoDB: Removed temporary tablespace data file: "ibtmp1"
2022-03-04 14:50:04 0 [Note] InnoDB: Creating shared tablespace for temporary tables
2022-03-04 14:50:04 0 [Note] InnoDB: Setting file 'C:\xampp\mysql\data\ibtmp1' size to 12 MB. Physically writing the file full; Please wait ...
2022-03-04 14:50:04 0 [Note] InnoDB: File 'C:\xampp\mysql\data\ibtmp1' size is now 12 MB.
2022-03-04 14:50:04 0 [Note] InnoDB: Waiting for purge to start
2022-03-04 14:50:04 0 [Note] InnoDB: 10.4.22 started; log sequence number 300297; transaction id 170
2022-03-04 14:50:04 0 [Note] InnoDB: Loading buffer pool(s) from C:\xampp\mysql\data\ib_buffer_pool
2022-03-04 14:50:04 0 [Note] Plugin 'FEEDBACK' is disabled.
2022-03-04 14:50:04 0 [Note] InnoDB: Buffer pool(s) load completed at 220304 14:50:04
2022-03-04 14:50:04 0 [Note] Server socket created on IP: '::'.
2022-03-08  1:24:44 0 [Note] InnoDB: Mutexes and rw_locks use Windows interlocked functions
2022-03-08  1:24:44 0 [Note] InnoDB: Uses event mutexes
2022-03-08  1:24:44 0 [Note] InnoDB: Compressed tables use zlib 1.2.11
2022-03-08  1:24:44 0 [Note] InnoDB: Number of pools: 1
2022-03-08  1:24:44 0 [Note] InnoDB: Using SSE2 crc32 instructions
2022-03-08  1:24:44 0 [Note] InnoDB: Initializing buffer pool, total size = 16M, instances = 1, chunk size = 16M
2022-03-08  1:24:44 0 [Note] InnoDB: Completed initialization of buffer pool
2022-03-08  1:24:44 0 [Note] InnoDB: Starting crash recovery from checkpoint LSN=300306
2022-03-08  1:24:44 0 [Note] InnoDB: 128 out of 128 rollback segments are active.
2022-03-08  1:24:44 0 [Note] InnoDB: Removed temporary tablespace data file: "ibtmp1"
2022-03-08  1:24:44 0 [Note] InnoDB: Creating shared tablespace for temporary tables
2022-03-08  1:24:44 0 [Note] InnoDB: Setting file 'C:\xampp\mysql\data\ibtmp1' size to 12 MB. Physically writing the file full; Please wait ...
2022-03-08  1:24:44 0 [Note] InnoDB: File 'C:\xampp\mysql\data\ibtmp1' size is now 12 MB.
2022-03-08  1:24:44 0 [Note] InnoDB: Waiting for purge to start
2022-03-08  1:24:44 0 [Note] InnoDB: 10.4.22 started; log sequence number 300315; transaction id 170
2022-03-08  1:24:44 0 [Note] InnoDB: Loading buffer pool(s) from C:\xampp\mysql\data\ib_buffer_pool
2022-03-08  1:24:44 0 [Note] Plugin 'FEEDBACK' is disabled.
2022-03-08  1:24:44 0 [Note] InnoDB: Buffer pool(s) load completed at 220308  1:24:44
2022-03-08  1:24:44 0 [Note] Server socket created on IP: '::'.
2022-03-08  9:57:49 0 [Note] InnoDB: Mutexes and rw_locks use Windows interlocked functions
2022-03-08  9:57:49 0 [Note] InnoDB: Uses event mutexes
2022-03-08  9:57:49 0 [Note] InnoDB: Compressed tables use zlib 1.2.11
2022-03-08  9:57:49 0 [Note] InnoDB: Number of pools: 1
2022-03-08  9:57:49 0 [Note] InnoDB: Using SSE2 crc32 instructions
2022-03-08  9:57:49 0 [Note] InnoDB: Initializing buffer pool, total size = 16M, instances = 1, chunk size = 16M
2022-03-08  9:57:49 0 [Note] InnoDB: Completed initialization of buffer pool
2022-03-08  9:57:49 0 [Note] InnoDB: Starting crash recovery from checkpoint LSN=300324
2022-03-08  9:57:49 0 [Note] InnoDB: 128 out of 128 rollback segments are active.
2022-03-08  9:57:49 0 [Note] InnoDB: Removed temporary tablespace data file: "ibtmp1"
2022-03-08  9:57:49 0 [Note] InnoDB: Creating shared tablespace for temporary tables
2022-03-08  9:57:49 0 [Note] InnoDB: Setting file 'C:\xampp\mysql\data\ibtmp1' size to 12 MB. Physically writing the file full; Please wait ...
2022-03-08  9:57:49 0 [Note] InnoDB: File 'C:\xampp\mysql\data\ibtmp1' size is now 12 MB.
2022-03-08  9:57:49 0 [Note] InnoDB: Waiting for purge to start
2022-03-08  9:57:49 0 [Note] InnoDB: 10.4.22 started; log sequence number 300333; transaction id 170
2022-03-08  9:57:49 0 [Note] InnoDB: Loading buffer pool(s) from C:\xampp\mysql\data\ib_buffer_pool
2022-03-08  9:57:49 0 [Note] Plugin 'FEEDBACK' is disabled.
2022-03-08  9:57:49 0 [Note] InnoDB: Buffer pool(s) load completed at 220308  9:57:49
2022-03-08  9:57:49 0 [Note] Server socket created on IP: '::'.
2022-03-09 13:13:09 0 [Note] InnoDB: Mutexes and rw_locks use Windows interlocked functions
2022-03-09 13:13:09 0 [Note] InnoDB: Uses event mutexes
2022-03-09 13:13:09 0 [Note] InnoDB: Compressed tables use zlib 1.2.11
2022-03-09 13:13:09 0 [Note] InnoDB: Number of pools: 1
2022-03-09 13:13:09 0 [Note] InnoDB: Using SSE2 crc32 instructions
2022-03-09 13:13:09 0 [Note] InnoDB: Initializing buffer pool, total size = 16M, instances = 1, chunk size = 16M
2022-03-09 13:13:09 0 [Note] InnoDB: Completed initialization of buffer pool
2022-03-09 13:13:09 0 [Note] InnoDB: Starting crash recovery from checkpoint LSN=300342
2022-03-09 13:13:09 0 [Note] InnoDB: 128 out of 128 rollback segments are active.
2022-03-09 13:13:09 0 [Note] InnoDB: Removed temporary tablespace data file: "ibtmp1"
2022-03-09 13:13:09 0 [Note] InnoDB: Creating shared tablespace for temporary tables
2022-03-09 13:13:09 0 [Note] InnoDB: Setting file 'C:\xampp\mysql\data\ibtmp1' size to 12 MB. Physically writing the file full; Please wait ...
2022-03-09 13:13:09 0 [Note] InnoDB: File 'C:\xampp\mysql\data\ibtmp1' size is now 12 MB.
2022-03-09 13:13:09 0 [Note] InnoDB: Waiting for purge to start
2022-03-09 13:13:09 0 [Note] InnoDB: 10.4.22 started; log sequence number 300351; transaction id 170
2022-03-09 13:13:09 0 [Note] InnoDB: Loading buffer pool(s) from C:\xampp\mysql\data\ib_buffer_pool
2022-03-09 13:13:09 0 [Note] Plugin 'FEEDBACK' is disabled.
2022-03-09 13:13:09 0 [Note] InnoDB: Buffer pool(s) load completed at 220309 13:13:09
2022-03-09 13:13:09 0 [Note] Server socket created on IP: '::'.
2022-03-09 14:35:20 0 [Note] InnoDB: Mutexes and rw_locks use Windows interlocked functions
2022-03-09 14:35:20 0 [Note] InnoDB: Uses event mutexes
2022-03-09 14:35:20 0 [Note] InnoDB: Compressed tables use zlib 1.2.11
2022-03-09 14:35:20 0 [Note] InnoDB: Number of pools: 1
2022-03-09 14:35:20 0 [Note] InnoDB: Using SSE2 crc32 instructions
2022-03-09 14:35:20 0 [Note] InnoDB: Initializing buffer pool, total size = 16M, instances = 1, chunk size = 16M
2022-03-09 14:35:20 0 [Note] InnoDB: Completed initialization of buffer pool
2022-03-09 14:35:20 0 [Note] InnoDB: Starting crash recovery from checkpoint LSN=300360
2022-03-09 14:35:20 0 [Note] InnoDB: 128 out of 128 rollback segments are active.
2022-03-09 14:35:20 0 [Note] InnoDB: Removed temporary tablespace data file: "ibtmp1"
2022-03-09 14:35:20 0 [Note] InnoDB: Creating shared tablespace for temporary tables
2022-03-09 14:35:20 0 [Note] InnoDB: Setting file 'C:\xampp\mysql\data\ibtmp1' size to 12 MB. Physically writing the file full; Please wait ...
2022-03-09 14:35:20 0 [Note] InnoDB: File 'C:\xampp\mysql\data\ibtmp1' size is now 12 MB.
2022-03-09 14:35:20 0 [Note] InnoDB: Waiting for purge to start
2022-03-09 14:35:20 0 [Note] InnoDB: 10.4.22 started; log sequence number 300369; transaction id 170
2022-03-09 14:35:20 0 [Note] InnoDB: Loading buffer pool(s) from C:\xampp\mysql\data\ib_buffer_pool
2022-03-09 14:35:20 0 [Note] Plugin 'FEEDBACK' is disabled.
2022-03-09 14:35:20 0 [Note] InnoDB: Buffer pool(s) load completed at 220309 14:35:20
2022-03-09 14:35:20 0 [Note] Server socket created on IP: '::'.
2022-03-09 20:46:46 0 [Note] InnoDB: Mutexes and rw_locks use Windows interlocked functions
2022-03-09 20:46:46 0 [Note] InnoDB: Uses event mutexes
2022-03-09 20:46:46 0 [Note] InnoDB: Compressed tables use zlib 1.2.11
2022-03-09 20:46:46 0 [Note] InnoDB: Number of pools: 1
2022-03-09 20:46:46 0 [Note] InnoDB: Using SSE2 crc32 instructions
2022-03-09 20:46:46 0 [Note] InnoDB: Initializing buffer pool, total size = 16M, instances = 1, chunk size = 16M
2022-03-09 20:46:46 0 [Note] InnoDB: Completed initialization of buffer pool
2022-03-09 20:46:47 0 [Note] InnoDB: Starting crash recovery from checkpoint LSN=300378
2022-03-09 20:46:47 0 [Note] InnoDB: 128 out of 128 rollback segments are active.
2022-03-09 20:46:47 0 [Note] InnoDB: Removed temporary tablespace data file: "ibtmp1"
2022-03-09 20:46:47 0 [Note] InnoDB: Creating shared tablespace for temporary tables
2022-03-09 20:46:47 0 [Note] InnoDB: Setting file 'C:\xampp\mysql\data\ibtmp1' size to 12 MB. Physically writing the file full; Please wait ...
2022-03-09 20:46:47 0 [Note] InnoDB: File 'C:\xampp\mysql\data\ibtmp1' size is now 12 MB.
2022-03-09 20:46:47 0 [Note] InnoDB: Waiting for purge to start
2022-03-09 20:46:47 0 [Note] InnoDB: 10.4.22 started; log sequence number 300387; transaction id 170
2022-03-09 20:46:47 0 [Note] InnoDB: Loading buffer pool(s) from C:\xampp\mysql\data\ib_buffer_pool
2022-03-09 20:46:47 0 [Note] Plugin 'FEEDBACK' is disabled.
2022-03-09 20:46:47 0 [Note] InnoDB: Buffer pool(s) load completed at 220309 20:46:47
2022-03-09 20:46:47 0 [Note] Server socket created on IP: '::'.
2022-03-22 13:30:45 0 [Note] InnoDB: Mutexes and rw_locks use Windows interlocked functions
2022-03-22 13:30:45 0 [Note] InnoDB: Uses event mutexes
2022-03-22 13:30:45 0 [Note] InnoDB: Compressed tables use zlib 1.2.11
2022-03-22 13:30:45 0 [Note] InnoDB: Number of pools: 1
2022-03-22 13:30:45 0 [Note] InnoDB: Using SSE2 crc32 instructions
2022-03-22 13:30:45 0 [Note] InnoDB: Initializing buffer pool, total size = 16M, instances = 1, chunk size = 16M
2022-03-22 13:30:45 0 [Note] InnoDB: Completed initialization of buffer pool
2022-03-22 13:30:45 0 [Note] InnoDB: Starting crash recovery from checkpoint LSN=300288
2022-03-22 13:30:45 0 [Note] InnoDB: 128 out of 128 rollback segments are active.
2022-03-22 13:30:45 0 [Note] InnoDB: Removed temporary tablespace data file: "ibtmp1"
2022-03-22 13:30:45 0 [Note] InnoDB: Creating shared tablespace for temporary tables
2022-03-22 13:30:45 0 [Note] InnoDB: Setting file '\xampp\mysql\data\ibtmp1' size to 12 MB. Physically writing the file full; Please wait ...
2022-03-22 13:30:45 0 [Note] InnoDB: File '\xampp\mysql\data\ibtmp1' size is now 12 MB.
2022-03-22 13:30:45 0 [Note] InnoDB: Waiting for purge to start
2022-03-22 13:30:45 0 [Note] InnoDB: 10.4.22 started; log sequence number 300297; transaction id 170
2022-03-22 13:30:45 0 [Note] InnoDB: Loading buffer pool(s) from C:\xampp\mysql\data\ib_buffer_pool
2022-03-22 13:30:45 0 [Note] Plugin 'FEEDBACK' is disabled.
2022-03-22 13:30:45 0 [Note] InnoDB: Buffer pool(s) load completed at 220322 13:30:45
2022-03-22 13:30:45 0 [Note] Server socket created on IP: '::'.
2022-03-28 23:36:04 0 [Note] InnoDB: Mutexes and rw_locks use Windows interlocked functions
2022-03-28 23:36:04 0 [Note] InnoDB: Uses event mutexes
2022-03-28 23:36:04 0 [Note] InnoDB: Compressed tables use zlib 1.2.11
2022-03-28 23:36:04 0 [Note] InnoDB: Number of pools: 1
2022-03-28 23:36:04 0 [Note] InnoDB: Using SSE2 crc32 instructions
2022-03-28 23:36:04 0 [Note] InnoDB: Initializing buffer pool, total size = 16M, instances = 1, chunk size = 16M
2022-03-28 23:36:04 0 [Note] InnoDB: Completed initialization of buffer pool
2022-03-28 23:36:04 0 [Note] InnoDB: Starting crash recovery from checkpoint LSN=300306
2022-03-28 23:36:04 0 [Note] InnoDB: 128 out of 128 rollback segments are active.
2022-03-28 23:36:04 0 [Note] InnoDB: Removed temporary tablespace data file: "ibtmp1"
2022-03-28 23:36:04 0 [Note] InnoDB: Creating shared tablespace for temporary tables
2022-03-28 23:36:04 0 [Note] InnoDB: Setting file '\xampp\mysql\data\ibtmp1' size to 12 MB. Physically writing the file full; Please wait ...
2022-03-28 23:36:04 0 [Note] InnoDB: File '\xampp\mysql\data\ibtmp1' size is now 12 MB.
2022-03-28 23:36:04 0 [Note] InnoDB: Waiting for purge to start
2022-03-28 23:36:04 0 [Note] InnoDB: 10.4.22 started; log sequence number 300315; transaction id 170
2022-03-28 23:36:04 0 [Note] InnoDB: Loading buffer pool(s) from C:\xampp\mysql\data\ib_buffer_pool
2022-03-28 23:36:04 0 [Note] Plugin 'FEEDBACK' is disabled.
2022-03-28 23:36:04 0 [Note] InnoDB: Buffer pool(s) load completed at 220328 23:36:04
2022-03-28 23:36:04 0 [Note] Server socket created on IP: '::'.
2022-03-28 17:53:22 0 [Note] InnoDB: Mutexes and rw_locks use Windows interlocked functions
2022-03-28 17:53:22 0 [Note] InnoDB: Uses event mutexes
2022-03-28 17:53:22 0 [Note] InnoDB: Compressed tables use zlib 1.2.11
2022-03-28 17:53:22 0 [Note] InnoDB: Number of pools: 1
2022-03-28 17:53:22 0 [Note] InnoDB: Using SSE2 crc32 instructions
2022-03-28 17:53:22 0 [Note] InnoDB: Initializing buffer pool, total size = 16M, instances = 1, chunk size = 16M
2022-03-28 17:53:22 0 [Note] InnoDB: Completed initialization of buffer pool
2022-03-28 17:53:22 0 [Note] InnoDB: Starting crash recovery from checkpoint LSN=300324
2022-03-28 17:53:22 0 [Note] InnoDB: 128 out of 128 rollback segments are active.
2022-03-28 17:53:22 0 [Note] InnoDB: Removed temporary tablespace data file: "ibtmp1"
2022-03-28 17:53:22 0 [Note] InnoDB: Creating shared tablespace for temporary tables
2022-03-28 17:53:22 0 [Note] InnoDB: Setting file '\xampp\mysql\data\ibtmp1' size to 12 MB. Physically writing the file full; Please wait ...
2022-03-28 17:53:22 0 [Note] InnoDB: File '\xampp\mysql\data\ibtmp1' size is now 12 MB.
2022-03-28 17:53:22 0 [Note] InnoDB: Waiting for purge to start
2022-03-28 17:53:22 0 [Note] InnoDB: 10.4.22 started; log sequence number 300333; transaction id 170
2022-03-28 17:53:22 0 [Note] InnoDB: Loading buffer pool(s) from C:\xampp\mysql\data\ib_buffer_pool
2022-03-28 17:53:22 0 [Note] Plugin 'FEEDBACK' is disabled.
2022-03-28 17:53:22 0 [Note] InnoDB: Buffer pool(s) load completed at 220328 17:53:22
2022-03-28 17:53:22 0 [Note] Server socket created on IP: '::'.
2022-03-29  7:04:50 0 [Note] InnoDB: Mutexes and rw_locks use Windows interlocked functions
2022-03-29  7:04:50 0 [Note] InnoDB: Uses event mutexes
2022-03-29  7:04:50 0 [Note] InnoDB: Compressed tables use zlib 1.2.11
2022-03-29  7:04:50 0 [Note] InnoDB: Number of pools: 1
2022-03-29  7:04:50 0 [Note] InnoDB: Using SSE2 crc32 instructions
2022-03-29  7:04:50 0 [Note] InnoDB: Initializing buffer pool, total size = 16M, instances = 1, chunk size = 16M
2022-03-29  7:04:50 0 [Note] InnoDB: Completed initialization of buffer pool
2022-03-29  7:04:50 0 [Note] InnoDB: Starting crash recovery from checkpoint LSN=300342
2022-03-29  7:04:51 0 [Note] InnoDB: 128 out of 128 rollback segments are active.
2022-03-29  7:04:51 0 [Note] InnoDB: Removed temporary tablespace data file: "ibtmp1"
2022-03-29  7:04:51 0 [Note] InnoDB: Creating shared tablespace for temporary tables
2022-03-29  7:04:51 0 [Note] InnoDB: Setting file '\xampp\mysql\data\ibtmp1' size to 12 MB. Physically writing the file full; Please wait ...
2022-03-29  7:04:51 0 [Note] InnoDB: File '\xampp\mysql\data\ibtmp1' size is now 12 MB.
2022-03-29  7:04:51 0 [Note] InnoDB: Waiting for purge to start
2022-03-29  7:04:51 0 [Note] InnoDB: 10.4.22 started; log sequence number 300351; transaction id 170
2022-03-29  7:04:51 0 [Note] InnoDB: Loading buffer pool(s) from C:\xampp\mysql\data\ib_buffer_pool
2022-03-29  7:04:51 0 [Note] Plugin 'FEEDBACK' is disabled.
2022-03-29  7:04:51 0 [Note] InnoDB: Buffer pool(s) load completed at 220329  7:04:51
2022-03-29  7:04:51 0 [Note] Server socket created on IP: '::'.
2022-04-02 13:45:03 0 [Note] InnoDB: Mutexes and rw_locks use Windows interlocked functions
2022-04-02 13:45:03 0 [Note] InnoDB: Uses event mutexes
2022-04-02 13:45:03 0 [Note] InnoDB: Compressed tables use zlib 1.2.11
2022-04-02 13:45:03 0 [Note] InnoDB: Number of pools: 1
2022-04-02 13:45:03 0 [Note] InnoDB: Using SSE2 crc32 instructions
2022-04-02 13:45:03 0 [Note] InnoDB: Initializing buffer pool, total size = 16M, instances = 1, chunk size = 16M
2022-04-02 13:45:03 0 [Note] InnoDB: Completed initialization of buffer pool
2022-04-02 13:45:03 0 [Note] InnoDB: Starting crash recovery from checkpoint LSN=300360
2022-04-02 13:45:03 0 [Note] InnoDB: 128 out of 128 rollback segments are active.
2022-04-02 13:45:03 0 [Note] InnoDB: Removed temporary tablespace data file: "ibtmp1"
2022-04-02 13:45:03 0 [Note] InnoDB: Creating shared tablespace for temporary tables
2022-04-02 13:45:03 0 [Note] InnoDB: Setting file '\xampp\mysql\data\ibtmp1' size to 12 MB. Physically writing the file full; Please wait ...
2022-04-02 13:45:03 0 [Note] InnoDB: File '\xampp\mysql\data\ibtmp1' size is now 12 MB.
2022-04-02 13:45:03 0 [Note] InnoDB: Waiting for purge to start
2022-04-02 13:45:04 0 [Note] InnoDB: 10.4.22 started; log sequence number 300369; transaction id 170
2022-04-02 13:45:04 0 [Note] InnoDB: Loading buffer pool(s) from C:\xampp\mysql\data\ib_buffer_pool
2022-04-02 13:45:04 0 [Note] Plugin 'FEEDBACK' is disabled.
2022-04-02 13:45:04 0 [Note] InnoDB: Buffer pool(s) load completed at 220402 13:45:04
2022-04-02 13:45:04 0 [Note] Server socket created on IP: '::'.
2022-04-04  1:53:23 0 [Note] InnoDB: Mutexes and rw_locks use Windows interlocked functions
2022-04-04  1:53:23 0 [Note] InnoDB: Uses event mutexes
2022-04-04  1:53:23 0 [Note] InnoDB: Compressed tables use zlib 1.2.11
2022-04-04  1:53:23 0 [Note] InnoDB: Number of pools: 1
2022-04-04  1:53:23 0 [Note] InnoDB: Using SSE2 crc32 instructions
2022-04-04  1:53:23 0 [Note] InnoDB: Initializing buffer pool, total size = 16M, instances = 1, chunk size = 16M
2022-04-04  1:53:23 0 [Note] InnoDB: Completed initialization of buffer pool
2022-04-04  1:53:23 0 [Note] InnoDB: Starting crash recovery from checkpoint LSN=300378
2022-04-04  1:53:24 0 [Note] InnoDB: 128 out of 128 rollback segments are active.
2022-04-04  1:53:24 0 [Note] InnoDB: Removed temporary tablespace data file: "ibtmp1"
2022-04-04  1:53:24 0 [Note] InnoDB: Creating shared tablespace for temporary tables
2022-04-04  1:53:24 0 [Note] InnoDB: Setting file '\xampp\mysql\data\ibtmp1' size to 12 MB. Physically writing the file full; Please wait ...
2022-04-04  1:53:24 0 [Note] InnoDB: File '\xampp\mysql\data\ibtmp1' size is now 12 MB.
2022-04-04  1:53:24 0 [Note] InnoDB: Waiting for purge to start
2022-04-04  1:53:24 0 [Note] InnoDB: 10.4.22 started; log sequence number 300387; transaction id 170
2022-04-04  1:53:24 0 [Note] InnoDB: Loading buffer pool(s) from C:\xampp\mysql\data\ib_buffer_pool
2022-04-04  1:53:24 0 [Note] Plugin 'FEEDBACK' is disabled.
2022-04-04  1:53:24 0 [Note] InnoDB: Buffer pool(s) load completed at 220404  1:53:24
2022-04-04  1:53:24 0 [Note] Server socket created on IP: '::'.
2022-04-12  1:40:35 0 [Note] InnoDB: Mutexes and rw_locks use Windows interlocked functions
2022-04-12  1:40:35 0 [Note] InnoDB: Uses event mutexes
2022-04-12  1:40:35 0 [Note] InnoDB: Compressed tables use zlib 1.2.11
2022-04-12  1:40:35 0 [Note] InnoDB: Number of pools: 1
2022-04-12  1:40:35 0 [Note] InnoDB: Using SSE2 crc32 instructions
2022-04-12  1:40:35 0 [Note] InnoDB: Initializing buffer pool, total size = 16M, instances = 1, chunk size = 16M
2022-04-12  1:40:35 0 [Note] InnoDB: Completed initialization of buffer pool
2022-04-12  1:40:35 0 [Note] InnoDB: Starting crash recovery from checkpoint LSN=300396
2022-04-12  1:40:36 0 [Note] InnoDB: 128 out of 128 rollback segments are active.
2022-04-12  1:40:36 0 [Note] InnoDB: Removed temporary tablespace data file: "ibtmp1"
2022-04-12  1:40:36 0 [Note] InnoDB: Creating shared tablespace for temporary tables
2022-04-12  1:40:36 0 [Note] InnoDB: Setting file '\xampp\mysql\data\ibtmp1' size to 12 MB. Physically writing the file full; Please wait ...
2022-04-12  1:40:36 0 [Note] InnoDB: File '\xampp\mysql\data\ibtmp1' size is now 12 MB.
2022-04-12  1:40:36 0 [Note] InnoDB: Waiting for purge to start
2022-04-12  1:40:36 0 [Note] InnoDB: 10.4.22 started; log sequence number 300405; transaction id 170
2022-04-12  1:40:36 0 [Note] InnoDB: Loading buffer pool(s) from C:\xampp\mysql\data\ib_buffer_pool
2022-04-12  1:40:36 0 [Note] Plugin 'FEEDBACK' is disabled.
2022-04-12  1:40:36 0 [Note] InnoDB: Buffer pool(s) load completed at 220412  1:40:36
2022-04-12  1:40:36 0 [Note] Server socket created on IP: '::'.
2022-04-18  6:06:57 0 [Note] InnoDB: Mutexes and rw_locks use Windows interlocked functions
2022-04-18  6:06:57 0 [Note] InnoDB: Uses event mutexes
2022-04-18  6:06:57 0 [Note] InnoDB: Compressed tables use zlib 1.2.11
2022-04-18  6:06:57 0 [Note] InnoDB: Number of pools: 1
2022-04-18  6:06:57 0 [Note] InnoDB: Using SSE2 crc32 instructions
2022-04-18  6:06:57 0 [Note] InnoDB: Initializing buffer pool, total size = 16M, instances = 1, chunk size = 16M
2022-04-18  6:06:57 0 [Note] InnoDB: Completed initialization of buffer pool
2022-04-18  6:06:57 0 [Note] InnoDB: Starting crash recovery from checkpoint LSN=300414
2022-04-18  6:06:57 0 [Note] InnoDB: 128 out of 128 rollback segments are active.
2022-04-18  6:06:57 0 [Note] InnoDB: Removed temporary tablespace data file: "ibtmp1"
2022-04-18  6:06:57 0 [Note] InnoDB: Creating shared tablespace for temporary tables
2022-04-18  6:06:57 0 [Note] InnoDB: Setting file '\xampp\mysql\data\ibtmp1' size to 12 MB. Physically writing the file full; Please wait ...
2022-04-18  6:06:57 0 [Note] InnoDB: File '\xampp\mysql\data\ibtmp1' size is now 12 MB.
2022-04-18  6:06:57 0 [Note] InnoDB: Waiting for purge to start
2022-04-18  6:06:57 0 [Note] InnoDB: 10.4.22 started; log sequence number 300423; transaction id 170
2022-04-18  6:06:57 0 [Note] InnoDB: Loading buffer pool(s) from C:\xampp\mysql\data\ib_buffer_pool
2022-04-18  6:06:57 0 [Note] Plugin 'FEEDBACK' is disabled.
2022-04-18  6:06:57 0 [Note] InnoDB: Buffer pool(s) load completed at 220418  6:06:57
2022-04-18  6:06:57 0 [Note] Server socket created on IP: '::'.
2022-04-27 18:26:12 0 [Note] InnoDB: Mutexes and rw_locks use Windows interlocked functions
2022-04-27 18:26:12 0 [Note] InnoDB: Uses event mutexes
2022-04-27 18:26:12 0 [Note] InnoDB: Compressed tables use zlib 1.2.11
2022-04-27 18:26:12 0 [Note] InnoDB: Number of pools: 1
2022-04-27 18:26:12 0 [Note] InnoDB: Using SSE2 crc32 instructions
2022-04-27 18:26:12 0 [Note] InnoDB: Initializing buffer pool, total size = 16M, instances = 1, chunk size = 16M
2022-04-27 18:26:12 0 [Note] InnoDB: Completed initialization of buffer pool
2022-04-27 18:26:12 0 [Note] InnoDB: Starting crash recovery from checkpoint LSN=1328105
2022-04-27 18:26:13 0 [Note] InnoDB: 128 out of 128 rollback segments are active.
2022-04-27 18:26:13 0 [Note] InnoDB: Removed temporary tablespace data file: "ibtmp1"
2022-04-27 18:26:13 0 [Note] InnoDB: Creating shared tablespace for temporary tables
2022-04-27 18:26:13 0 [Note] InnoDB: Setting file '\xampp\mysql\data\ibtmp1' size to 12 MB. Physically writing the file full; Please wait ...
2022-04-27 18:26:13 0 [Note] InnoDB: File '\xampp\mysql\data\ibtmp1' size is now 12 MB.
2022-04-27 18:26:13 0 [Note] InnoDB: Waiting for purge to start
2022-04-27 18:26:13 0 [Note] InnoDB: 10.4.22 started; log sequence number 1328114; transaction id 687
2022-04-27 18:26:13 0 [Note] InnoDB: Loading buffer pool(s) from C:\xampp\mysql\data\ib_buffer_pool
2022-04-27 18:26:13 0 [Note] Plugin 'FEEDBACK' is disabled.
2022-04-27 18:26:13 0 [Note] InnoDB: Buffer pool(s) load completed at 220427 18:26:13
2022-04-27 18:26:13 0 [Note] Server socket created on IP: '::'.
2022-05-15 17:06:40 0 [Note] InnoDB: Mutexes and rw_locks use Windows interlocked functions
2022-05-15 17:06:40 0 [Note] InnoDB: Uses event mutexes
2022-05-15 17:06:40 0 [Note] InnoDB: Compressed tables use zlib 1.2.11
2022-05-15 17:06:41 0 [Note] InnoDB: Number of pools: 1
2022-05-15 17:06:41 0 [Note] InnoDB: Using SSE2 crc32 instructions
2022-05-15 17:06:41 0 [Note] InnoDB: Initializing buffer pool, total size = 16M, instances = 1, chunk size = 16M
2022-05-15 17:06:41 0 [Note] InnoDB: Completed initialization of buffer pool
2022-05-15 17:06:41 0 [Note] InnoDB: Starting crash recovery from checkpoint LSN=1328148
2022-05-15 17:06:41 0 [Note] InnoDB: 128 out of 128 rollback segments are active.
2022-05-15 17:06:41 0 [Note] InnoDB: Removed temporary tablespace data file: "ibtmp1"
2022-05-15 17:06:41 0 [Note] InnoDB: Creating shared tablespace for temporary tables
2022-05-15 17:06:41 0 [Note] InnoDB: Setting file '\xampp\mysql\data\ibtmp1' size to 12 MB. Physically writing the file full; Please wait ...
2022-05-15 17:06:41 0 [Note] InnoDB: File '\xampp\mysql\data\ibtmp1' size is now 12 MB.
2022-05-15 17:06:41 0 [Note] InnoDB: Waiting for purge to start
2022-05-15 17:06:41 0 [Note] InnoDB: 10.4.22 started; log sequence number 1328157; transaction id 687
2022-05-15 17:06:41 0 [Note] InnoDB: Loading buffer pool(s) from C:\xampp\mysql\data\ib_buffer_pool
2022-05-15 17:06:41 0 [Note] Plugin 'FEEDBACK' is disabled.
2022-05-15 17:06:41 0 [Note] InnoDB: Buffer pool(s) load completed at 220515 17:06:41
2022-05-15 17:06:41 0 [Note] Server socket created on IP: '::'.
2022-05-16  1:36:40 0 [Note] InnoDB: Mutexes and rw_locks use Windows interlocked functions
2022-05-16  1:36:40 0 [Note] InnoDB: Uses event mutexes
2022-05-16  1:36:40 0 [Note] InnoDB: Compressed tables use zlib 1.2.11
2022-05-16  1:36:40 0 [Note] InnoDB: Number of pools: 1
2022-05-16  1:36:40 0 [Note] InnoDB: Using SSE2 crc32 instructions
2022-05-16  1:36:40 0 [Note] InnoDB: Initializing buffer pool, total size = 16M, instances = 1, chunk size = 16M
2022-05-16  1:36:40 0 [Note] InnoDB: Completed initialization of buffer pool
2022-05-16  1:36:40 0 [Note] InnoDB: Starting crash recovery from checkpoint LSN=1328166
2022-05-16  1:36:41 0 [Note] InnoDB: 128 out of 128 rollback segments are active.
2022-05-16  1:36:41 0 [Note] InnoDB: Removed temporary tablespace data file: "ibtmp1"
2022-05-16  1:36:41 0 [Note] InnoDB: Creating shared tablespace for temporary tables
2022-05-16  1:36:41 0 [Note] InnoDB: Setting file '\xampp\mysql\data\ibtmp1' size to 12 MB. Physically writing the file full; Please wait ...
2022-05-16  1:36:41 0 [Note] InnoDB: File '\xampp\mysql\data\ibtmp1' size is now 12 MB.
2022-05-16  1:36:41 0 [Note] InnoDB: Waiting for purge to start
2022-05-16  1:36:41 0 [Note] InnoDB: 10.4.22 started; log sequence number 1328175; transaction id 687
2022-05-16  1:36:41 0 [Note] InnoDB: Loading buffer pool(s) from C:\xampp\mysql\data\ib_buffer_pool
2022-05-16  1:36:41 0 [Note] Plugin 'FEEDBACK' is disabled.
2022-05-16  1:36:41 0 [Note] InnoDB: Buffer pool(s) load completed at 220516  1:36:41
2022-05-16  1:36:41 0 [Note] Server socket created on IP: '::'.
2022-11-12  7:04:55 0 [Note] InnoDB: Mutexes and rw_locks use Windows interlocked functions
2022-11-12  7:04:55 0 [Note] InnoDB: Uses event mutexes
2022-11-12  7:04:55 0 [Note] InnoDB: Compressed tables use zlib 1.2.11
2022-11-12  7:04:55 0 [Note] InnoDB: Number of pools: 1
2022-11-12  7:04:55 0 [Note] InnoDB: Using SSE2 crc32 instructions
2022-11-12  7:04:55 0 [Note] InnoDB: Initializing buffer pool, total size = 16M, instances = 1, chunk size = 16M
2022-11-12  7:04:55 0 [Note] InnoDB: Completed initialization of buffer pool
2022-11-12  7:04:55 0 [Note] InnoDB: Starting crash recovery from checkpoint LSN=1328184
2022-11-12  7:04:55 0 [Note] InnoDB: 128 out of 128 rollback segments are active.
2022-11-12  7:04:55 0 [Note] InnoDB: Removed temporary tablespace data file: "ibtmp1"
2022-11-12  7:04:55 0 [Note] InnoDB: Creating shared tablespace for temporary tables
2022-11-12  7:04:55 0 [Note] InnoDB: Setting file '\xampp\mysql\data\ibtmp1' size to 12 MB. Physically writing the file full; Please wait ...
2022-11-12  7:04:55 0 [Note] InnoDB: File '\xampp\mysql\data\ibtmp1' size is now 12 MB.
2022-11-12  7:04:55 0 [Note] InnoDB: Waiting for purge to start
2022-11-12  7:04:55 0 [Note] InnoDB: 10.4.22 started; log sequence number 1328193; transaction id 687
2022-11-12  7:04:55 0 [Note] InnoDB: Loading buffer pool(s) from C:\xampp\mysql\data\ib_buffer_pool
2022-11-12  7:04:55 0 [Note] Plugin 'FEEDBACK' is disabled.
2022-11-12  7:04:55 0 [Note] InnoDB: Buffer pool(s) load completed at 221112  7:04:55
2022-11-12  7:04:55 0 [Note] Server socket created on IP: '::'.
2022-11-12 21:44:43 0 [Note] InnoDB: Mutexes and rw_locks use Windows interlocked functions
2022-11-12 21:44:43 0 [Note] InnoDB: Uses event mutexes
2022-11-12 21:44:43 0 [Note] InnoDB: Compressed tables use zlib 1.2.11
2022-11-12 21:44:43 0 [Note] InnoDB: Number of pools: 1
2022-11-12 21:44:43 0 [Note] InnoDB: Using SSE2 crc32 instructions
2022-11-12 21:44:43 0 [Note] InnoDB: Initializing buffer pool, total size = 16M, instances = 1, chunk size = 16M
2022-11-12 21:44:43 0 [Note] InnoDB: Completed initialization of buffer pool
2022-11-12 21:44:43 0 [Note] InnoDB: Starting crash recovery from checkpoint LSN=1331064
2022-11-12 21:44:43 0 [Note] InnoDB: 128 out of 128 rollback segments are active.
2022-11-12 21:44:43 0 [Note] InnoDB: Removed temporary tablespace data file: "ibtmp1"
2022-11-12 21:44:43 0 [Note] InnoDB: Creating shared tablespace for temporary tables
2022-11-12 21:44:43 0 [Note] InnoDB: Setting file '\xampp\mysql\data\ibtmp1' size to 12 MB. Physically writing the file full; Please wait ...
2022-11-12 21:44:43 0 [Note] InnoDB: File '\xampp\mysql\data\ibtmp1' size is now 12 MB.
2022-11-12 21:44:43 0 [Note] InnoDB: Waiting for purge to start
2022-11-12 21:44:43 0 [Note] InnoDB: 10.4.22 started; log sequence number 1331073; transaction id 720
2022-11-12 21:44:43 0 [Note] InnoDB: Loading buffer pool(s) from C:\xampp\mysql\data\ib_buffer_pool
2022-11-12 21:44:43 0 [Note] Plugin 'FEEDBACK' is disabled.
2022-11-12 21:44:43 0 [Note] InnoDB: Buffer pool(s) load completed at 221112 21:44:43
2022-11-12 21:44:43 0 [Note] Server socket created on IP: '::'.
2022-11-13  6:52:21 0 [Note] InnoDB: Mutexes and rw_locks use Windows interlocked functions
2022-11-13  6:52:21 0 [Note] InnoDB: Uses event mutexes
2022-11-13  6:52:21 0 [Note] InnoDB: Compressed tables use zlib 1.2.11
2022-11-13  6:52:21 0 [Note] InnoDB: Number of pools: 1
2022-11-13  6:52:21 0 [Note] InnoDB: Using SSE2 crc32 instructions
2022-11-13  6:52:21 0 [Note] InnoDB: Initializing buffer pool, total size = 16M, instances = 1, chunk size = 16M
2022-11-13  6:52:21 0 [Note] InnoDB: Completed initialization of buffer pool
2022-11-13  6:52:21 0 [Note] InnoDB: Starting crash recovery from checkpoint LSN=1331415
2022-11-13  6:52:21 0 [Note] InnoDB: 128 out of 128 rollback segments are active.
2022-11-13  6:52:21 0 [Note] InnoDB: Removed temporary tablespace data file: "ibtmp1"
2022-11-13  6:52:21 0 [Note] InnoDB: Creating shared tablespace for temporary tables
2022-11-13  6:52:21 0 [Note] InnoDB: Setting file '\xampp\mysql\data\ibtmp1' size to 12 MB. Physically writing the file full; Please wait ...
2022-11-13  6:52:21 0 [Note] InnoDB: File '\xampp\mysql\data\ibtmp1' size is now 12 MB.
2022-11-13  6:52:21 0 [Note] InnoDB: Waiting for purge to start
2022-11-13  6:52:21 0 [Note] InnoDB: 10.4.22 started; log sequence number 1331424; transaction id 743
2022-11-13  6:52:21 0 [Note] InnoDB: Loading buffer pool(s) from C:\xampp\mysql\data\ib_buffer_pool
2022-11-13  6:52:21 0 [Note] InnoDB: Buffer pool(s) load completed at 221113  6:52:21
2022-11-13  6:52:21 0 [Note] Plugin 'FEEDBACK' is disabled.
2022-11-13  6:52:21 0 [Note] Server socket created on IP: '::'.
2022-11-13 15:33:04 0 [Note] InnoDB: Mutexes and rw_locks use Windows interlocked functions
2022-11-13 15:33:04 0 [Note] InnoDB: Uses event mutexes
2022-11-13 15:33:04 0 [Note] InnoDB: Compressed tables use zlib 1.2.11
2022-11-13 15:33:04 0 [Note] InnoDB: Number of pools: 1
2022-11-13 15:33:04 0 [Note] InnoDB: Using SSE2 crc32 instructions
2022-11-13 15:33:04 0 [Note] InnoDB: Initializing buffer pool, total size = 16M, instances = 1, chunk size = 16M
2022-11-13 15:33:04 0 [Note] InnoDB: Completed initialization of buffer pool
2022-11-13 15:33:04 0 [Note] InnoDB: Starting crash recovery from checkpoint LSN=1813776
2022-11-13 15:33:04 0 [Note] InnoDB: 128 out of 128 rollback segments are active.
2022-11-13 15:33:04 0 [Note] InnoDB: Removed temporary tablespace data file: "ibtmp1"
2022-11-13 15:33:04 0 [Note] InnoDB: Creating shared tablespace for temporary tables
2022-11-13 15:33:04 0 [Note] InnoDB: Setting file '\xampp\mysql\data\ibtmp1' size to 12 MB. Physically writing the file full; Please wait ...
2022-11-13 15:33:04 0 [Note] InnoDB: File '\xampp\mysql\data\ibtmp1' size is now 12 MB.
2022-11-13 15:33:04 0 [Note] InnoDB: Waiting for purge to start
2022-11-13 15:33:04 0 [Note] InnoDB: 10.4.22 started; log sequence number 1813785; transaction id 1391
2022-11-13 15:33:04 0 [Note] InnoDB: Loading buffer pool(s) from C:\xampp\mysql\data\ib_buffer_pool
2022-11-13 15:33:04 0 [Note] Plugin 'FEEDBACK' is disabled.
2022-11-13 15:33:04 0 [Note] InnoDB: Buffer pool(s) load completed at 221113 15:33:04
2022-11-13 15:33:04 0 [Note] Server socket created on IP: '::'.
2022-11-13 17:18:59 0 [Note] InnoDB: Mutexes and rw_locks use Windows interlocked functions
2022-11-13 17:18:59 0 [Note] InnoDB: Uses event mutexes
2022-11-13 17:18:59 0 [Note] InnoDB: Compressed tables use zlib 1.2.11
2022-11-13 17:18:59 0 [Note] InnoDB: Number of pools: 1
2022-11-13 17:18:59 0 [Note] InnoDB: Using SSE2 crc32 instructions
2022-11-13 17:18:59 0 [Note] InnoDB: Initializing buffer pool, total size = 16M, instances = 1, chunk size = 16M
2022-11-13 17:18:59 0 [Note] InnoDB: Completed initialization of buffer pool
2022-11-13 17:18:59 0 [Note] InnoDB: Starting crash recovery from checkpoint LSN=1897663
2022-11-13 17:18:59 0 [Note] InnoDB: 128 out of 128 rollback segments are active.
2022-11-13 17:18:59 0 [Note] InnoDB: Removed temporary tablespace data file: "ibtmp1"
2022-11-13 17:18:59 0 [Note] InnoDB: Creating shared tablespace for temporary tables
2022-11-13 17:18:59 0 [Note] InnoDB: Setting file '\xampp\mysql\data\ibtmp1' size to 12 MB. Physically writing the file full; Please wait ...
2022-11-13 17:18:59 0 [Note] InnoDB: File '\xampp\mysql\data\ibtmp1' size is now 12 MB.
2022-11-13 17:18:59 0 [Note] InnoDB: Waiting for purge to start
2022-11-13 17:18:59 0 [Note] InnoDB: 10.4.22 started; log sequence number 1897672; transaction id 1572
2022-11-13 17:18:59 0 [Note] InnoDB: Loading buffer pool(s) from C:\xampp\mysql\data\ib_buffer_pool
2022-11-13 17:18:59 0 [Note] Plugin 'FEEDBACK' is disabled.
2022-11-13 17:18:59 0 [Note] Server socket created on IP: '::'.
2022-11-13 19:49:27 0 [Note] InnoDB: Mutexes and rw_locks use Windows interlocked functions
2022-11-13 19:49:27 0 [Note] InnoDB: Uses event mutexes
2022-11-13 19:49:27 0 [Note] InnoDB: Compressed tables use zlib 1.2.11
2022-11-13 19:49:27 0 [Note] InnoDB: Number of pools: 1
2022-11-13 19:49:27 0 [Note] InnoDB: Using SSE2 crc32 instructions
2022-11-13 19:49:27 0 [Note] InnoDB: Initializing buffer pool, total size = 16M, instances = 1, chunk size = 16M
2022-11-13 19:49:27 0 [Note] InnoDB: Completed initialization of buffer pool
2022-11-13 19:49:27 0 [Note] InnoDB: Starting crash recovery from checkpoint LSN=1959438
2022-11-13 19:49:27 0 [Note] InnoDB: 128 out of 128 rollback segments are active.
2022-11-13 19:49:27 0 [Note] InnoDB: Removed temporary tablespace data file: "ibtmp1"
2022-11-13 19:49:27 0 [Note] InnoDB: Creating shared tablespace for temporary tables
2022-11-13 19:49:27 0 [Note] InnoDB: Setting file '\xampp\mysql\data\ibtmp1' size to 12 MB. Physically writing the file full; Please wait ...
2022-11-13 19:49:27 0 [Note] InnoDB: File '\xampp\mysql\data\ibtmp1' size is now 12 MB.
2022-11-13 19:49:27 0 [Note] InnoDB: Waiting for purge to start
2022-11-13 19:49:27 0 [Note] InnoDB: 10.4.22 started; log sequence number 1959447; transaction id 1657
2022-11-13 19:49:27 0 [Note] InnoDB: Loading buffer pool(s) from C:\xampp\mysql\data\ib_buffer_pool
2022-11-13 19:49:27 0 [Note] Plugin 'FEEDBACK' is disabled.
2022-11-13 19:49:27 0 [Note] Server socket created on IP: '::'.
2022-11-13 21:32:52 0 [Note] InnoDB: Mutexes and rw_locks use Windows interlocked functions
2022-11-13 21:32:52 0 [Note] InnoDB: Uses event mutexes
2022-11-13 21:32:52 0 [Note] InnoDB: Compressed tables use zlib 1.2.11
2022-11-13 21:32:52 0 [Note] InnoDB: Number of pools: 1
2022-11-13 21:32:52 0 [Note] InnoDB: Using SSE2 crc32 instructions
2022-11-13 21:32:52 0 [Note] InnoDB: Initializing buffer pool, total size = 16M, instances = 1, chunk size = 16M
2022-11-13 21:32:52 0 [Note] InnoDB: Completed initialization of buffer pool
2022-11-13 21:32:52 0 [Note] InnoDB: Starting crash recovery from checkpoint LSN=1959456
2022-11-13 21:32:52 0 [Note] InnoDB: 128 out of 128 rollback segments are active.
2022-11-13 21:32:52 0 [Note] InnoDB: Removed temporary tablespace data file: "ibtmp1"
2022-11-13 21:32:52 0 [Note] InnoDB: Creating shared tablespace for temporary tables
2022-11-13 21:32:52 0 [Note] InnoDB: Setting file '\xampp\mysql\data\ibtmp1' size to 12 MB. Physically writing the file full; Please wait ...
2022-11-13 21:32:52 0 [Note] InnoDB: File '\xampp\mysql\data\ibtmp1' size is now 12 MB.
2022-11-13 21:32:52 0 [Note] InnoDB: Waiting for purge to start
2022-11-13 21:32:52 0 [Note] InnoDB: 10.4.22 started; log sequence number 1959465; transaction id 1657
2022-11-13 21:32:52 0 [Note] InnoDB: Loading buffer pool(s) from C:\xampp\mysql\data\ib_buffer_pool
2022-11-13 21:32:52 0 [Note] Plugin 'FEEDBACK' is disabled.
2022-11-13 21:32:52 0 [Note] Server socket created on IP: '::'.
2022-11-15 17:27:56 0 [Note] InnoDB: Mutexes and rw_locks use Windows interlocked functions
2022-11-15 17:27:56 0 [Note] InnoDB: Uses event mutexes
2022-11-15 17:27:56 0 [Note] InnoDB: Compressed tables use zlib 1.2.11
2022-11-15 17:27:56 0 [Note] InnoDB: Number of pools: 1
2022-11-15 17:27:56 0 [Note] InnoDB: Using SSE2 crc32 instructions
2022-11-15 17:27:56 0 [Note] InnoDB: Initializing buffer pool, total size = 16M, instances = 1, chunk size = 16M
2022-11-15 17:27:56 0 [Note] InnoDB: Completed initialization of buffer pool
2022-11-15 17:27:56 0 [Note] InnoDB: Starting crash recovery from checkpoint LSN=1970582
2022-11-15 17:27:56 0 [Note] InnoDB: 128 out of 128 rollback segments are active.
2022-11-15 17:27:56 0 [Note] InnoDB: Removed temporary tablespace data file: "ibtmp1"
2022-11-15 17:27:56 0 [Note] InnoDB: Creating shared tablespace for temporary tables
2022-11-15 17:27:56 0 [Note] InnoDB: Setting file '\xampp\mysql\data\ibtmp1' size to 12 MB. Physically writing the file full; Please wait ...
2022-11-15 17:27:56 0 [Note] InnoDB: File '\xampp\mysql\data\ibtmp1' size is now 12 MB.
2022-11-15 17:27:56 0 [Note] InnoDB: Waiting for purge to start
2022-11-15 17:27:56 0 [Note] InnoDB: 10.4.22 started; log sequence number 1970591; transaction id 1696
2022-11-15 17:27:56 0 [Note] InnoDB: Loading buffer pool(s) from C:\xampp\mysql\data\ib_buffer_pool
2022-11-15 17:27:56 0 [Note] Plugin 'FEEDBACK' is disabled.
2022-11-15 17:27:56 0 [Note] InnoDB: Buffer pool(s) load completed at 221115 17:27:56
2022-11-15 17:27:56 0 [Note] Server socket created on IP: '::'.
2022-11-15 22:56:28 0 [Note] InnoDB: Mutexes and rw_locks use Windows interlocked functions
2022-11-15 22:56:28 0 [Note] InnoDB: Uses event mutexes
2022-11-15 22:56:28 0 [Note] InnoDB: Compressed tables use zlib 1.2.11
2022-11-15 22:56:28 0 [Note] InnoDB: Number of pools: 1
2022-11-15 22:56:28 0 [Note] InnoDB: Using SSE2 crc32 instructions
2022-11-15 22:56:28 0 [Note] InnoDB: Initializing buffer pool, total size = 16M, instances = 1, chunk size = 16M
2022-11-15 22:56:28 0 [Note] InnoDB: Completed initialization of buffer pool
2022-11-15 22:56:28 0 [Note] InnoDB: Starting crash recovery from checkpoint LSN=1975830
2022-11-15 22:56:28 0 [Note] InnoDB: 128 out of 128 rollback segments are active.
2022-11-15 22:56:28 0 [Note] InnoDB: Removed temporary tablespace data file: "ibtmp1"
2022-11-15 22:56:28 0 [Note] InnoDB: Creating shared tablespace for temporary tables
2022-11-15 22:56:28 0 [Note] InnoDB: Setting file '\xampp\mysql\data\ibtmp1' size to 12 MB. Physically writing the file full; Please wait ...
2022-11-15 22:56:28 0 [Note] InnoDB: File '\xampp\mysql\data\ibtmp1' size is now 12 MB.
2022-11-15 22:56:28 0 [Note] InnoDB: Waiting for purge to start
2022-11-15 22:56:28 0 [Note] InnoDB: 10.4.22 started; log sequence number 1975839; transaction id 1746
2022-11-15 22:56:28 0 [Note] InnoDB: Loading buffer pool(s) from C:\xampp\mysql\data\ib_buffer_pool
2022-11-15 22:56:28 0 [Note] Plugin 'FEEDBACK' is disabled.
2022-11-15 22:56:28 0 [Note] InnoDB: Buffer pool(s) load completed at 221115 22:56:28
2022-11-15 22:56:28 0 [Note] Server socket created on IP: '::'.
